\BOOKMARK [1][-]{section.1}{\376\377\000C\000o\000n\000s\000t\000r\000u\000i\000n\000d\000o\000\040\000Q\000u\000a\000d\000r\000\355\000c\000u\000l\000a}{}% 1
\BOOKMARK [1][-]{section.2}{\376\377\000A\000d\000i\000c\000i\000o\000n\000a\000n\000d\000o\000\040\000d\000a\000d\000o\000s\000\040\000b\000r\000u\000t\000o\000s\000\040\000\340\000\040\000Q\000u\000a\000d\000r\000\355\000c\000u\000l\000a}{}% 2
\BOOKMARK [2][-]{subsection.2.1}{\376\377\000V\000i\000z\000u\000a\000l\000i\000s\000a\000n\000d\000o\000\040\000\301\000r\000e\000a\000\040\000d\000e\000\040\000E\000s\000t\000u\000d\000o}{section.2}% 3
\BOOKMARK [2][-]{subsection.2.2}{\376\377\000V\000i\000s\000u\000a\000l\000i\000z\000a\000n\000d\000o\000\040\000d\000a\000d\000o\000s\000\040\000R\000a\000d\000i\000o\000m\000\351\000t\000r\000i\000c\000o\000s\000\040\000B\000r\000u\000t\000o\000s}{section.2}% 4
\BOOKMARK [3][-]{subsubsection.2.2.1}{\376\377\000P\000r\000o\000j\000e\000t\000o\000\040\0003\0000\0002\0002}{subsection.2.2}% 5
\BOOKMARK [3][-]{subsubsection.2.2.2}{\376\377\000P\000r\000o\000j\000e\000t\000o\000\040\0001\0000\0003\0009}{subsection.2.2}% 6
\BOOKMARK [3][-]{subsubsection.2.2.3}{\376\377\000P\000r\000o\000j\000e\000t\000o\000\040\0001\0001\0000\0005}{subsection.2.2}% 7
\BOOKMARK [2][-]{subsection.2.3}{\376\377\000R\000e\000m\000o\000v\000e\000n\000d\000o\000\040\000v\000a\000l\000o\000r\000e\000s\000\040\000n\000e\000g\000a\000t\000i\000v\000o\000s\000\040\000d\000a\000s\000\040\000c\000o\000n\000t\000a\000g\000e\000n\000s\000\040\000r\000a\000d\000i\000o\000m\000\351\000t\000r\000i\000c\000a\000s}{section.2}% 8
\BOOKMARK [2][-]{subsection.2.4}{\376\377\000C\000O\000N\000S\000T\000R\000U\000I\000N\000D\000O\000\040\000U\000M\000\040\000G\000R\000I\000D\000\040\000S\000I\000N\000T\000\311\000T\000I\000C\000O}{section.2}% 9
\BOOKMARK [1][-]{section.3}{\376\377\000I\000n\000t\000e\000r\000p\000o\000l\000a\000\347\000\343\000o\000\040\000d\000o\000s\000\040\000d\000a\000d\000o\000s\000\040\000B\000r\000u\000t\000o\000s}{}% 10
\BOOKMARK [2][-]{subsection.3.1}{\376\377\000M\000\351\000t\000o\000d\000o\000\040\000C\000\372\000b\000i\000c\000o}{section.3}% 11
\BOOKMARK [2][-]{subsection.3.2}{\376\377\000M\000\351\000t\000o\000d\000o\000\040\000N\000e\000a\000r\000e\000s\000t}{section.3}% 12
\BOOKMARK [2][-]{subsection.3.3}{\376\377\000M\000\351\000t\000o\000d\000o\000\040\000L\000i\000n\000e\000a\000r}{section.3}% 13
\BOOKMARK [1][-]{section.4}{\376\377\000C\000l\000a\000s\000s\000i\000f\000i\000c\000a\000\347\000\365\000e\000s\000\040\000N\000\343\000o\000-\000S\000u\000p\000e\000r\000v\000i\000s\000i\000o\000n\000a\000d\000a\000s}{}% 14
\BOOKMARK [2][-]{subsection.4.1}{\376\377\000S\000e\000l\000f\000-\000o\000r\000g\000a\000n\000i\000z\000i\000n\000g\000\040\000m\000a\000p\000s\000\040\000\050\000S\000O\000M\000\051}{section.4}% 15
\BOOKMARK [3][-]{subsubsection.4.1.1}{\376\377\000S\000F\0002\0003\000\137\000Y\000A\000\137\000I\000I\000I\0002}{subsection.4.1}% 16
\BOOKMARK [3][-]{subsubsection.4.1.2}{\376\377\000S\000F\0002\0003\000\137\000Y\000A\000\137\000I\000I\000I\0004}{subsection.4.1}% 17
\BOOKMARK [3][-]{subsubsection.4.1.3}{\376\377\000P\000i\000x\000e\000l\000\040\000s\000i\000z\000e}{subsection.4.1}% 18
\BOOKMARK [3][-]{subsubsection.4.1.4}{\376\377\000T\000e\000s\000t\000e\000s}{subsection.4.1}% 19
\BOOKMARK [1][-]{section.5}{\376\377\000C\000l\000a\000s\000s\000i\000f\000i\000c\000a\000\347\000\365\000e\000s\000\040\000S\000u\000p\000e\000r\000v\000i\000s\000i\000o\000n\000a\000d\000a\000s}{}% 20
\BOOKMARK [2][-]{subsection.5.1}{\376\377\000R\000o\000t\000u\000l\000a\000n\000d\000o\000\040\000a\000m\000o\000s\000t\000r\000a\000s\000\040\000c\000o\000m\000\040\000c\000l\000a\000s\000s\000e\000s\000\040\000l\000i\000t\000o\000l\000\363\000g\000i\000c\000a\000s}{section.5}% 21
