This is pdfTeX, Version 3.141592653-2.6-1.40.25 (TeX Live 2023/Arch Linux) (preloaded format=pdflatex 2023.9.28)  15 OCT 2023 00:32
entering extended mode
 restricted \write18 enabled.
 %&-line parsing enabled.
**relatorio_parcial.tex
(./relatorio_parcial.tex
LaTeX2e <2022-11-01> patch level 1
L3 programming layer <2023-02-22>
(/usr/share/texmf-dist/tex/latex/base/article.cls
Document Class: article 2022/07/02 v1.4n Standard LaTeX document class
(/usr/share/texmf-dist/tex/latex/base/size11.clo
File: size11.clo 2022/07/02 v1.4n Standard LaTeX file (size option)
)
\c@part=\count185
\c@section=\count186
\c@subsection=\count187
\c@subsubsection=\count188
\c@paragraph=\count189
\c@subparagraph=\count190
\c@figure=\count191
\c@table=\count192
\abovecaptionskip=\skip48
\belowcaptionskip=\skip49
\bibindent=\dimen140
)
(/usr/share/texmf-dist/tex/latex/tcolorbox/tcolorbox.sty
Package: tcolorbox 2023/02/12 version 6.0.1 text color boxes

(/usr/share/texmf-dist/tex/latex/pgf/basiclayer/pgf.sty
(/usr/share/texmf-dist/tex/latex/pgf/utilities/pgfrcs.sty
(/usr/share/texmf-dist/tex/generic/pgf/utilities/pgfutil-common.tex
\pgfutil@everybye=\toks16
\pgfutil@tempdima=\dimen141
\pgfutil@tempdimb=\dimen142
)
(/usr/share/texmf-dist/tex/generic/pgf/utilities/pgfutil-latex.def
\pgfutil@abb=\box51
)
(/usr/share/texmf-dist/tex/generic/pgf/utilities/pgfrcs.code.tex
(/usr/share/texmf-dist/tex/generic/pgf/pgf.revision.tex)
Package: pgfrcs 2023-01-15 v3.1.10 (3.1.10)
))
Package: pgf 2023-01-15 v3.1.10 (3.1.10)

(/usr/share/texmf-dist/tex/latex/pgf/basiclayer/pgfcore.sty
(/usr/share/texmf-dist/tex/latex/graphics/graphicx.sty
Package: graphicx 2021/09/16 v1.2d Enhanced LaTeX Graphics (DPC,SPQR)

(/usr/share/texmf-dist/tex/latex/graphics/keyval.sty
Package: keyval 2022/05/29 v1.15 key=value parser (DPC)
\KV@toks@=\toks17
)
(/usr/share/texmf-dist/tex/latex/graphics/graphics.sty
Package: graphics 2022/03/10 v1.4e Standard LaTeX Graphics (DPC,SPQR)

(/usr/share/texmf-dist/tex/latex/graphics/trig.sty
Package: trig 2021/08/11 v1.11 sin cos tan (DPC)
)
(/usr/share/texmf-dist/tex/latex/graphics-cfg/graphics.cfg
File: graphics.cfg 2016/06/04 v1.11 sample graphics configuration
)
Package graphics Info: Driver file: pdftex.def on input line 107.

(/usr/share/texmf-dist/tex/latex/graphics-def/pdftex.def
File: pdftex.def 2022/09/22 v1.2b Graphics/color driver for pdftex
))
\Gin@req@height=\dimen143
\Gin@req@width=\dimen144
)
(/usr/share/texmf-dist/tex/latex/pgf/systemlayer/pgfsys.sty
(/usr/share/texmf-dist/tex/generic/pgf/systemlayer/pgfsys.code.tex
Package: pgfsys 2023-01-15 v3.1.10 (3.1.10)

(/usr/share/texmf-dist/tex/generic/pgf/utilities/pgfkeys.code.tex
\pgfkeys@pathtoks=\toks18
\pgfkeys@temptoks=\toks19

(/usr/share/texmf-dist/tex/generic/pgf/utilities/pgfkeyslibraryfiltered.code.te
x
\pgfkeys@tmptoks=\toks20
))
\pgf@x=\dimen145
\pgf@y=\dimen146
\pgf@xa=\dimen147
\pgf@ya=\dimen148
\pgf@xb=\dimen149
\pgf@yb=\dimen150
\pgf@xc=\dimen151
\pgf@yc=\dimen152
\pgf@xd=\dimen153
\pgf@yd=\dimen154
\w@pgf@writea=\write3
\r@pgf@reada=\read2
\c@pgf@counta=\count193
\c@pgf@countb=\count194
\c@pgf@countc=\count195
\c@pgf@countd=\count196
\t@pgf@toka=\toks21
\t@pgf@tokb=\toks22
\t@pgf@tokc=\toks23
\pgf@sys@id@count=\count197
 (/usr/share/texmf-dist/tex/generic/pgf/systemlayer/pgf.cfg
File: pgf.cfg 2023-01-15 v3.1.10 (3.1.10)
)
Driver file for pgf: pgfsys-pdftex.def

(/usr/share/texmf-dist/tex/generic/pgf/systemlayer/pgfsys-pdftex.def
File: pgfsys-pdftex.def 2023-01-15 v3.1.10 (3.1.10)

(/usr/share/texmf-dist/tex/generic/pgf/systemlayer/pgfsys-common-pdf.def
File: pgfsys-common-pdf.def 2023-01-15 v3.1.10 (3.1.10)
)))
(/usr/share/texmf-dist/tex/generic/pgf/systemlayer/pgfsyssoftpath.code.tex
File: pgfsyssoftpath.code.tex 2023-01-15 v3.1.10 (3.1.10)
\pgfsyssoftpath@smallbuffer@items=\count198
\pgfsyssoftpath@bigbuffer@items=\count199
)
(/usr/share/texmf-dist/tex/generic/pgf/systemlayer/pgfsysprotocol.code.tex
File: pgfsysprotocol.code.tex 2023-01-15 v3.1.10 (3.1.10)
))
(/usr/share/texmf-dist/tex/latex/xcolor/xcolor.sty
Package: xcolor 2022/06/12 v2.14 LaTeX color extensions (UK)

(/usr/share/texmf-dist/tex/latex/graphics-cfg/color.cfg
File: color.cfg 2016/01/02 v1.6 sample color configuration
)
Package xcolor Info: Driver file: pdftex.def on input line 227.

(/usr/share/texmf-dist/tex/latex/graphics/mathcolor.ltx)
Package xcolor Info: Model `cmy' substituted by `cmy0' on input line 1353.
Package xcolor Info: Model `hsb' substituted by `rgb' on input line 1357.
Package xcolor Info: Model `RGB' extended on input line 1369.
Package xcolor Info: Model `HTML' substituted by `rgb' on input line 1371.
Package xcolor Info: Model `Hsb' substituted by `hsb' on input line 1372.
Package xcolor Info: Model `tHsb' substituted by `hsb' on input line 1373.
Package xcolor Info: Model `HSB' substituted by `hsb' on input line 1374.
Package xcolor Info: Model `Gray' substituted by `gray' on input line 1375.
Package xcolor Info: Model `wave' substituted by `hsb' on input line 1376.
)
(/usr/share/texmf-dist/tex/generic/pgf/basiclayer/pgfcore.code.tex
Package: pgfcore 2023-01-15 v3.1.10 (3.1.10)

(/usr/share/texmf-dist/tex/generic/pgf/math/pgfmath.code.tex
(/usr/share/texmf-dist/tex/generic/pgf/math/pgfmathutil.code.tex)
(/usr/share/texmf-dist/tex/generic/pgf/math/pgfmathparser.code.tex
\pgfmath@dimen=\dimen155
\pgfmath@count=\count266
\pgfmath@box=\box52
\pgfmath@toks=\toks24
\pgfmath@stack@operand=\toks25
\pgfmath@stack@operation=\toks26
)
(/usr/share/texmf-dist/tex/generic/pgf/math/pgfmathfunctions.code.tex)
(/usr/share/texmf-dist/tex/generic/pgf/math/pgfmathfunctions.basic.code.tex)
(/usr/share/texmf-dist/tex/generic/pgf/math/pgfmathfunctions.trigonometric.code
.tex)
(/usr/share/texmf-dist/tex/generic/pgf/math/pgfmathfunctions.random.code.tex)
(/usr/share/texmf-dist/tex/generic/pgf/math/pgfmathfunctions.comparison.code.te
x) (/usr/share/texmf-dist/tex/generic/pgf/math/pgfmathfunctions.base.code.tex)
(/usr/share/texmf-dist/tex/generic/pgf/math/pgfmathfunctions.round.code.tex)
(/usr/share/texmf-dist/tex/generic/pgf/math/pgfmathfunctions.misc.code.tex)
(/usr/share/texmf-dist/tex/generic/pgf/math/pgfmathfunctions.integerarithmetics
.code.tex) (/usr/share/texmf-dist/tex/generic/pgf/math/pgfmathcalc.code.tex)
(/usr/share/texmf-dist/tex/generic/pgf/math/pgfmathfloat.code.tex
\c@pgfmathroundto@lastzeros=\count267
))
(/usr/share/texmf-dist/tex/generic/pgf/math/pgfint.code.tex)
(/usr/share/texmf-dist/tex/generic/pgf/basiclayer/pgfcorepoints.code.tex
File: pgfcorepoints.code.tex 2023-01-15 v3.1.10 (3.1.10)
\pgf@picminx=\dimen156
\pgf@picmaxx=\dimen157
\pgf@picminy=\dimen158
\pgf@picmaxy=\dimen159
\pgf@pathminx=\dimen160
\pgf@pathmaxx=\dimen161
\pgf@pathminy=\dimen162
\pgf@pathmaxy=\dimen163
\pgf@xx=\dimen164
\pgf@xy=\dimen165
\pgf@yx=\dimen166
\pgf@yy=\dimen167
\pgf@zx=\dimen168
\pgf@zy=\dimen169
)
(/usr/share/texmf-dist/tex/generic/pgf/basiclayer/pgfcorepathconstruct.code.tex
File: pgfcorepathconstruct.code.tex 2023-01-15 v3.1.10 (3.1.10)
\pgf@path@lastx=\dimen170
\pgf@path@lasty=\dimen171
) (/usr/share/texmf-dist/tex/generic/pgf/basiclayer/pgfcorepathusage.code.tex
File: pgfcorepathusage.code.tex 2023-01-15 v3.1.10 (3.1.10)
\pgf@shorten@end@additional=\dimen172
\pgf@shorten@start@additional=\dimen173
)
(/usr/share/texmf-dist/tex/generic/pgf/basiclayer/pgfcorescopes.code.tex
File: pgfcorescopes.code.tex 2023-01-15 v3.1.10 (3.1.10)
\pgfpic=\box53
\pgf@hbox=\box54
\pgf@layerbox@main=\box55
\pgf@picture@serial@count=\count268
)
(/usr/share/texmf-dist/tex/generic/pgf/basiclayer/pgfcoregraphicstate.code.tex
File: pgfcoregraphicstate.code.tex 2023-01-15 v3.1.10 (3.1.10)
\pgflinewidth=\dimen174
)
(/usr/share/texmf-dist/tex/generic/pgf/basiclayer/pgfcoretransformations.code.t
ex
File: pgfcoretransformations.code.tex 2023-01-15 v3.1.10 (3.1.10)
\pgf@pt@x=\dimen175
\pgf@pt@y=\dimen176
\pgf@pt@temp=\dimen177
) (/usr/share/texmf-dist/tex/generic/pgf/basiclayer/pgfcorequick.code.tex
File: pgfcorequick.code.tex 2023-01-15 v3.1.10 (3.1.10)
)
(/usr/share/texmf-dist/tex/generic/pgf/basiclayer/pgfcoreobjects.code.tex
File: pgfcoreobjects.code.tex 2023-01-15 v3.1.10 (3.1.10)
)
(/usr/share/texmf-dist/tex/generic/pgf/basiclayer/pgfcorepathprocessing.code.te
x
File: pgfcorepathprocessing.code.tex 2023-01-15 v3.1.10 (3.1.10)
) (/usr/share/texmf-dist/tex/generic/pgf/basiclayer/pgfcorearrows.code.tex
File: pgfcorearrows.code.tex 2023-01-15 v3.1.10 (3.1.10)
\pgfarrowsep=\dimen178
)
(/usr/share/texmf-dist/tex/generic/pgf/basiclayer/pgfcoreshade.code.tex
File: pgfcoreshade.code.tex 2023-01-15 v3.1.10 (3.1.10)
\pgf@max=\dimen179
\pgf@sys@shading@range@num=\count269
\pgf@shadingcount=\count270
)
(/usr/share/texmf-dist/tex/generic/pgf/basiclayer/pgfcoreimage.code.tex
File: pgfcoreimage.code.tex 2023-01-15 v3.1.10 (3.1.10)
)
(/usr/share/texmf-dist/tex/generic/pgf/basiclayer/pgfcoreexternal.code.tex
File: pgfcoreexternal.code.tex 2023-01-15 v3.1.10 (3.1.10)
\pgfexternal@startupbox=\box56
)
(/usr/share/texmf-dist/tex/generic/pgf/basiclayer/pgfcorelayers.code.tex
File: pgfcorelayers.code.tex 2023-01-15 v3.1.10 (3.1.10)
)
(/usr/share/texmf-dist/tex/generic/pgf/basiclayer/pgfcoretransparency.code.tex
File: pgfcoretransparency.code.tex 2023-01-15 v3.1.10 (3.1.10)
) (/usr/share/texmf-dist/tex/generic/pgf/basiclayer/pgfcorepatterns.code.tex
File: pgfcorepatterns.code.tex 2023-01-15 v3.1.10 (3.1.10)
)
(/usr/share/texmf-dist/tex/generic/pgf/basiclayer/pgfcorerdf.code.tex
File: pgfcorerdf.code.tex 2023-01-15 v3.1.10 (3.1.10)
)))
(/usr/share/texmf-dist/tex/generic/pgf/modules/pgfmoduleshapes.code.tex
File: pgfmoduleshapes.code.tex 2023-01-15 v3.1.10 (3.1.10)
\pgfnodeparttextbox=\box57
)
(/usr/share/texmf-dist/tex/generic/pgf/modules/pgfmoduleplot.code.tex
File: pgfmoduleplot.code.tex 2023-01-15 v3.1.10 (3.1.10)
)
(/usr/share/texmf-dist/tex/latex/pgf/compatibility/pgfcomp-version-0-65.sty
Package: pgfcomp-version-0-65 2023-01-15 v3.1.10 (3.1.10)
\pgf@nodesepstart=\dimen180
\pgf@nodesepend=\dimen181
)
(/usr/share/texmf-dist/tex/latex/pgf/compatibility/pgfcomp-version-1-18.sty
Package: pgfcomp-version-1-18 2023-01-15 v3.1.10 (3.1.10)
))
(/usr/share/texmf-dist/tex/latex/tools/verbatim.sty
Package: verbatim 2022-07-02 v1.5u LaTeX2e package for verbatim enhancements
\every@verbatim=\toks27
\verbatim@line=\toks28
\verbatim@in@stream=\read3
)
(/usr/share/texmf-dist/tex/latex/environ/environ.sty
Package: environ 2014/05/04 v0.3 A new way to define environments

(/usr/share/texmf-dist/tex/latex/trimspaces/trimspaces.sty
Package: trimspaces 2009/09/17 v1.1 Trim spaces around a token list
)
\@envbody=\toks29
)
(/usr/share/texmf-dist/tex/latex/etoolbox/etoolbox.sty
Package: etoolbox 2020/10/05 v2.5k e-TeX tools for LaTeX (JAW)
\etb@tempcnta=\count271
)
\tcb@titlebox=\box58
\tcb@upperbox=\box59
\tcb@lowerbox=\box60
\tcb@phantombox=\box61
\c@tcbbreakpart=\count272
\c@tcblayer=\count273
\c@tcolorbox@number=\count274
\tcb@temp=\box62
\tcb@temp=\box63
\tcb@temp=\box64
\tcb@temp=\box65

(/usr/share/texmf-dist/tex/latex/tcolorbox/tcbbreakable.code.tex
Library (tcolorbox): 'tcbbreakable.code.tex' version '6.0.1'
(/usr/share/texmf-dist/tex/latex/pdfcol/pdfcol.sty
Package: pdfcol 2022-09-21 v1.7 Handle new color stacks for pdfTeX (HO)

(/usr/share/texmf-dist/tex/generic/ltxcmds/ltxcmds.sty
Package: ltxcmds 2020-05-10 v1.25 LaTeX kernel commands for general use (HO)
)
(/usr/share/texmf-dist/tex/generic/infwarerr/infwarerr.sty
Package: infwarerr 2019/12/03 v1.5 Providing info/warning/error messages (HO)
)
(/usr/share/texmf-dist/tex/generic/iftex/iftex.sty
Package: iftex 2022/02/03 v1.0f TeX engine tests
))
Package pdfcol Info: New color stack `tcb@breakable' = 1 on input line 23.
\tcb@testbox=\box66
\tcb@totalupperbox=\box67
\tcb@totallowerbox=\box68
))
(/usr/share/texmf-dist/tex/latex/parskip/parskip.sty
Package: parskip 2021-03-14 v2.0h non-zero parskip adjustments

(/usr/share/texmf-dist/tex/latex/kvoptions/kvoptions.sty
Package: kvoptions 2022-06-15 v3.15 Key value format for package options (HO)

(/usr/share/texmf-dist/tex/latex/kvsetkeys/kvsetkeys.sty
Package: kvsetkeys 2022-10-05 v1.19 Key value parser (HO)
)))
(/usr/share/texmf-dist/tex/latex/caption/caption.sty
Package: caption 2023/03/12 v3.6j Customizing captions (AR)

(/usr/share/texmf-dist/tex/latex/caption/caption3.sty
Package: caption3 2023/03/12 v2.4 caption3 kernel (AR)
\caption@tempdima=\dimen182
\captionmargin=\dimen183
\caption@leftmargin=\dimen184
\caption@rightmargin=\dimen185
\caption@width=\dimen186
\caption@indent=\dimen187
\caption@parindent=\dimen188
\caption@hangindent=\dimen189
Package caption Info: Standard document class detected.
)
\c@caption@flags=\count275
\c@continuedfloat=\count276
)
(/usr/share/texmf-dist/tex/latex/float/float.sty
Package: float 2001/11/08 v1.3d Float enhancements (AL)
\c@float@type=\count277
\float@exts=\toks30
\float@box=\box69
\@float@everytoks=\toks31
\@floatcapt=\box70
)
(/usr/share/texmf-dist/tex/latex/tools/enumerate.sty
Package: enumerate 2015/07/23 v3.00 enumerate extensions (DPC)
\@enLab=\toks32
)
(/usr/share/texmf-dist/tex/latex/geometry/geometry.sty
Package: geometry 2020/01/02 v5.9 Page Geometry

(/usr/share/texmf-dist/tex/generic/iftex/ifvtex.sty
Package: ifvtex 2019/10/25 v1.7 ifvtex legacy package. Use iftex instead.
)
\Gm@cnth=\count278
\Gm@cntv=\count279
\c@Gm@tempcnt=\count280
\Gm@bindingoffset=\dimen190
\Gm@wd@mp=\dimen191
\Gm@odd@mp=\dimen192
\Gm@even@mp=\dimen193
\Gm@layoutwidth=\dimen194
\Gm@layoutheight=\dimen195
\Gm@layouthoffset=\dimen196
\Gm@layoutvoffset=\dimen197
\Gm@dimlist=\toks33
)
(/usr/share/texmf-dist/tex/latex/amsmath/amsmath.sty
Package: amsmath 2022/04/08 v2.17n AMS math features
\@mathmargin=\skip50

For additional information on amsmath, use the `?' option.
(/usr/share/texmf-dist/tex/latex/amsmath/amstext.sty
Package: amstext 2021/08/26 v2.01 AMS text

(/usr/share/texmf-dist/tex/latex/amsmath/amsgen.sty
File: amsgen.sty 1999/11/30 v2.0 generic functions
\@emptytoks=\toks34
\ex@=\dimen198
))
(/usr/share/texmf-dist/tex/latex/amsmath/amsbsy.sty
Package: amsbsy 1999/11/29 v1.2d Bold Symbols
\pmbraise@=\dimen199
)
(/usr/share/texmf-dist/tex/latex/amsmath/amsopn.sty
Package: amsopn 2022/04/08 v2.04 operator names
)
\inf@bad=\count281
LaTeX Info: Redefining \frac on input line 234.
\uproot@=\count282
\leftroot@=\count283
LaTeX Info: Redefining \overline on input line 399.
LaTeX Info: Redefining \colon on input line 410.
\classnum@=\count284
\DOTSCASE@=\count285
LaTeX Info: Redefining \ldots on input line 496.
LaTeX Info: Redefining \dots on input line 499.
LaTeX Info: Redefining \cdots on input line 620.
\Mathstrutbox@=\box71
\strutbox@=\box72
LaTeX Info: Redefining \big on input line 722.
LaTeX Info: Redefining \Big on input line 723.
LaTeX Info: Redefining \bigg on input line 724.
LaTeX Info: Redefining \Bigg on input line 725.
\big@size=\dimen256
LaTeX Font Info:    Redeclaring font encoding OML on input line 743.
LaTeX Font Info:    Redeclaring font encoding OMS on input line 744.
\macc@depth=\count286
LaTeX Info: Redefining \bmod on input line 905.
LaTeX Info: Redefining \pmod on input line 910.
LaTeX Info: Redefining \smash on input line 940.
LaTeX Info: Redefining \relbar on input line 970.
LaTeX Info: Redefining \Relbar on input line 971.
\c@MaxMatrixCols=\count287
\dotsspace@=\muskip16
\c@parentequation=\count288
\dspbrk@lvl=\count289
\tag@help=\toks35
\row@=\count290
\column@=\count291
\maxfields@=\count292
\andhelp@=\toks36
\eqnshift@=\dimen257
\alignsep@=\dimen258
\tagshift@=\dimen259
\tagwidth@=\dimen260
\totwidth@=\dimen261
\lineht@=\dimen262
\@envbody=\toks37
\multlinegap=\skip51
\multlinetaggap=\skip52
\mathdisplay@stack=\toks38
LaTeX Info: Redefining \[ on input line 2953.
LaTeX Info: Redefining \] on input line 2954.
)
(/usr/share/texmf-dist/tex/latex/amsfonts/amssymb.sty
Package: amssymb 2013/01/14 v3.01 AMS font symbols

(/usr/share/texmf-dist/tex/latex/amsfonts/amsfonts.sty
Package: amsfonts 2013/01/14 v3.01 Basic AMSFonts support
\symAMSa=\mathgroup4
\symAMSb=\mathgroup5
LaTeX Font Info:    Redeclaring math symbol \hbar on input line 98.
LaTeX Font Info:    Overwriting math alphabet `\mathfrak' in version `bold'
(Font)                  U/euf/m/n --> U/euf/b/n on input line 106.
))
(/usr/share/texmf-dist/tex/latex/base/textcomp.sty
Package: textcomp 2020/02/02 v2.0n Standard LaTeX package
)
(/usr/share/texmf-dist/tex/latex/upquote/upquote.sty
Package: upquote 2012/04/19 v1.3 upright-quote and grave-accent glyphs in verba
tim
)
(/usr/share/texmf-dist/tex/latex/eurosym/eurosym.sty
Package: eurosym 1998/08/06 v1.1 European currency symbol ``Euro''
\@eurobox=\box73
)
(/usr/share/texmf-dist/tex/latex/base/fontenc.sty
Package: fontenc 2021/04/29 v2.0v Standard LaTeX package
)
(/usr/share/texmf-dist/tex/latex/ucs/ucs.sty
Package: ucs 2022/08/07 v2.3 UCS: Unicode input support

(/usr/share/texmf-dist/tex/latex/ucs/data/uni-global.def
File: uni-global.def 2022/08/07 UCS: Unicode global data
)
\uc@secondtry=\count293
\uc@combtoks=\toks39
\uc@combtoksb=\toks40
\uc@temptokena=\toks41
)
(/usr/share/texmf-dist/tex/latex/base/inputenc.sty
Package: inputenc 2021/02/14 v1.3d Input encoding file
\inpenc@prehook=\toks42
\inpenc@posthook=\toks43

(/usr/share/texmf-dist/tex/latex/ucs/utf8x.def
File: utf8x.def 2022/08/07 UCS: Input encoding UTF-8
))
(/usr/share/texmf-dist/tex/latex/fancyvrb/fancyvrb.sty
Package: fancyvrb 2023/01/19 4.5a verbatim text (tvz,hv)
\FV@CodeLineNo=\count294
\FV@InFile=\read4
\FV@TabBox=\box74
\c@FancyVerbLine=\count295
\FV@StepNumber=\count296
\FV@OutFile=\write4
)
(/usr/share/texmf-dist/tex/latex/grffile/grffile.sty
Package: grffile 2019/11/11 v2.1 Extended file name support for graphics (legac
y)
Package grffile Info: This package is an empty stub for compatibility on input 
line 40.
)
(/usr/share/texmf-dist/tex/latex/adjustbox/adjustbox.sty
Package: adjustbox 2022/10/17 v1.3a Adjusting TeX boxes (trim, clip, ...)

(/usr/share/texmf-dist/tex/latex/xkeyval/xkeyval.sty
Package: xkeyval 2022/06/16 v2.9 package option processing (HA)

(/usr/share/texmf-dist/tex/generic/xkeyval/xkeyval.tex
(/usr/share/texmf-dist/tex/generic/xkeyval/xkvutils.tex
\XKV@toks=\toks44
\XKV@tempa@toks=\toks45
)
\XKV@depth=\count297
File: xkeyval.tex 2014/12/03 v2.7a key=value parser (HA)
))
(/usr/share/texmf-dist/tex/latex/adjustbox/adjcalc.sty
Package: adjcalc 2012/05/16 v1.1 Provides advanced setlength with multiple back
-ends (calc, etex, pgfmath)
)
(/usr/share/texmf-dist/tex/latex/adjustbox/trimclip.sty
Package: trimclip 2020/08/19 v1.2 Trim and clip general TeX material

(/usr/share/texmf-dist/tex/latex/collectbox/collectbox.sty
Package: collectbox 2022/10/17 v0.4c Collect macro arguments as boxes
\collectedbox=\box75
)
\tc@llx=\dimen263
\tc@lly=\dimen264
\tc@urx=\dimen265
\tc@ury=\dimen266
Package trimclip Info: Using driver 'tc-pdftex.def'.

(/usr/share/texmf-dist/tex/latex/adjustbox/tc-pdftex.def
File: tc-pdftex.def 2019/01/04 v2.2 Clipping driver for pdftex
))
\adjbox@Width=\dimen267
\adjbox@Height=\dimen268
\adjbox@Depth=\dimen269
\adjbox@Totalheight=\dimen270
\adjbox@pwidth=\dimen271
\adjbox@pheight=\dimen272
\adjbox@pdepth=\dimen273
\adjbox@ptotalheight=\dimen274

(/usr/share/texmf-dist/tex/latex/ifoddpage/ifoddpage.sty
Package: ifoddpage 2022/10/18 v1.2 Conditionals for odd/even page detection
\c@checkoddpage=\count298
)
(/usr/share/texmf-dist/tex/latex/varwidth/varwidth.sty
Package: varwidth 2009/03/30 ver 0.92;  Variable-width minipages
\@vwid@box=\box76
\sift@deathcycles=\count299
\@vwid@loff=\dimen275
\@vwid@roff=\dimen276
))
(/usr/share/texmf-dist/tex/latex/hyperref/hyperref.sty
Package: hyperref 2023-02-07 v7.00v Hypertext links for LaTeX

(/usr/share/texmf-dist/tex/generic/pdftexcmds/pdftexcmds.sty
Package: pdftexcmds 2020-06-27 v0.33 Utility functions of pdfTeX for LuaTeX (HO
)
Package pdftexcmds Info: \pdf@primitive is available.
Package pdftexcmds Info: \pdf@ifprimitive is available.
Package pdftexcmds Info: \pdfdraftmode found.
)
(/usr/share/texmf-dist/tex/generic/kvdefinekeys/kvdefinekeys.sty
Package: kvdefinekeys 2019-12-19 v1.6 Define keys (HO)
)
(/usr/share/texmf-dist/tex/generic/pdfescape/pdfescape.sty
Package: pdfescape 2019/12/09 v1.15 Implements pdfTeX's escape features (HO)
)
(/usr/share/texmf-dist/tex/latex/hycolor/hycolor.sty
Package: hycolor 2020-01-27 v1.10 Color options for hyperref/bookmark (HO)
)
(/usr/share/texmf-dist/tex/latex/letltxmacro/letltxmacro.sty
Package: letltxmacro 2019/12/03 v1.6 Let assignment for LaTeX macros (HO)
)
(/usr/share/texmf-dist/tex/latex/auxhook/auxhook.sty
Package: auxhook 2019-12-17 v1.6 Hooks for auxiliary files (HO)
)
(/usr/share/texmf-dist/tex/latex/hyperref/nameref.sty
Package: nameref 2022-05-17 v2.50 Cross-referencing by name of section

(/usr/share/texmf-dist/tex/latex/refcount/refcount.sty
Package: refcount 2019/12/15 v3.6 Data extraction from label references (HO)
)
(/usr/share/texmf-dist/tex/generic/gettitlestring/gettitlestring.sty
Package: gettitlestring 2019/12/15 v1.6 Cleanup title references (HO)
)
\c@section@level=\count300
)
\@linkdim=\dimen277
\Hy@linkcounter=\count301
\Hy@pagecounter=\count302

(/usr/share/texmf-dist/tex/latex/hyperref/pd1enc.def
File: pd1enc.def 2023-02-07 v7.00v Hyperref: PDFDocEncoding definition (HO)
)
(/usr/share/texmf-dist/tex/generic/intcalc/intcalc.sty
Package: intcalc 2019/12/15 v1.3 Expandable calculations with integers (HO)
)
(/usr/share/texmf-dist/tex/generic/etexcmds/etexcmds.sty
Package: etexcmds 2019/12/15 v1.7 Avoid name clashes with e-TeX commands (HO)
)
\Hy@SavedSpaceFactor=\count303

(/usr/share/texmf-dist/tex/latex/hyperref/puenc.def
File: puenc.def 2023-02-07 v7.00v Hyperref: PDF Unicode definition (HO)
)
Package hyperref Info: Hyper figures OFF on input line 4177.
Package hyperref Info: Link nesting OFF on input line 4182.
Package hyperref Info: Hyper index ON on input line 4185.
Package hyperref Info: Plain pages OFF on input line 4192.
Package hyperref Info: Backreferencing OFF on input line 4197.
Package hyperref Info: Implicit mode ON; LaTeX internals redefined.
Package hyperref Info: Bookmarks ON on input line 4425.
\c@Hy@tempcnt=\count304

(/usr/share/texmf-dist/tex/latex/url/url.sty
\Urlmuskip=\muskip17
Package: url 2013/09/16  ver 3.4  Verb mode for urls, etc.
)
LaTeX Info: Redefining \url on input line 4763.
\XeTeXLinkMargin=\dimen278

(/usr/share/texmf-dist/tex/generic/bitset/bitset.sty
Package: bitset 2019/12/09 v1.3 Handle bit-vector datatype (HO)

(/usr/share/texmf-dist/tex/generic/bigintcalc/bigintcalc.sty
Package: bigintcalc 2019/12/15 v1.5 Expandable calculations on big integers (HO
)
))
\Fld@menulength=\count305
\Field@Width=\dimen279
\Fld@charsize=\dimen280
Package hyperref Info: Hyper figures OFF on input line 6042.
Package hyperref Info: Link nesting OFF on input line 6047.
Package hyperref Info: Hyper index ON on input line 6050.
Package hyperref Info: backreferencing OFF on input line 6057.
Package hyperref Info: Link coloring OFF on input line 6062.
Package hyperref Info: Link coloring with OCG OFF on input line 6067.
Package hyperref Info: PDF/A mode OFF on input line 6072.

(/usr/share/texmf-dist/tex/latex/base/atbegshi-ltx.sty
Package: atbegshi-ltx 2021/01/10 v1.0c Emulation of the original atbegshi
package with kernel methods
)
\Hy@abspage=\count306
\c@Item=\count307
\c@Hfootnote=\count308
)
Package hyperref Info: Driver (autodetected): hpdftex.

(/usr/share/texmf-dist/tex/latex/hyperref/hpdftex.def
File: hpdftex.def 2023-02-07 v7.00v Hyperref driver for pdfTeX

(/usr/share/texmf-dist/tex/latex/base/atveryend-ltx.sty
Package: atveryend-ltx 2020/08/19 v1.0a Emulation of the original atveryend pac
kage
with kernel methods
)
\Fld@listcount=\count309
\c@bookmark@seq@number=\count310

(/usr/share/texmf-dist/tex/latex/rerunfilecheck/rerunfilecheck.sty
Package: rerunfilecheck 2022-07-10 v1.10 Rerun checks for auxiliary files (HO)

(/usr/share/texmf-dist/tex/generic/uniquecounter/uniquecounter.sty
Package: uniquecounter 2019/12/15 v1.4 Provide unlimited unique counter (HO)
)
Package uniquecounter Info: New unique counter `rerunfilecheck' on input line 2
85.
)
\Hy@SectionHShift=\skip53
)
(/usr/share/texmf-dist/tex/latex/titling/titling.sty
Package: titling 2009/09/04 v2.1d maketitle typesetting
\thanksmarkwidth=\skip54
\thanksmargin=\skip55
\droptitle=\skip56
)
(/usr/share/texmf-dist/tex/latex/tools/longtable.sty
Package: longtable 2021-09-01 v4.17 Multi-page Table package (DPC)
\LTleft=\skip57
\LTright=\skip58
\LTpre=\skip59
\LTpost=\skip60
\LTchunksize=\count311
\LTcapwidth=\dimen281
\LT@head=\box77
\LT@firsthead=\box78
\LT@foot=\box79
\LT@lastfoot=\box80
\LT@gbox=\box81
\LT@cols=\count312
\LT@rows=\count313
\c@LT@tables=\count314
\c@LT@chunks=\count315
\LT@p@ftn=\toks46
)
(/usr/share/texmf-dist/tex/latex/booktabs/booktabs.sty
Package: booktabs 2020/01/12 v1.61803398 Publication quality tables
\heavyrulewidth=\dimen282
\lightrulewidth=\dimen283
\cmidrulewidth=\dimen284
\belowrulesep=\dimen285
\belowbottomsep=\dimen286
\aboverulesep=\dimen287
\abovetopsep=\dimen288
\cmidrulesep=\dimen289
\cmidrulekern=\dimen290
\defaultaddspace=\dimen291
\@cmidla=\count316
\@cmidlb=\count317
\@aboverulesep=\dimen292
\@belowrulesep=\dimen293
\@thisruleclass=\count318
\@lastruleclass=\count319
\@thisrulewidth=\dimen294
)
(/usr/share/texmf-dist/tex/latex/tools/array.sty
Package: array 2022/09/04 v2.5g Tabular extension package (FMi)
\col@sep=\dimen295
\ar@mcellbox=\box82
\extrarowheight=\dimen296
\NC@list=\toks47
\extratabsurround=\skip61
\backup@length=\skip62
\ar@cellbox=\box83
)
(/usr/share/texmf-dist/tex/latex/tools/calc.sty
Package: calc 2017/05/25 v4.3 Infix arithmetic (KKT,FJ)
\calc@Acount=\count320
\calc@Bcount=\count321
\calc@Adimen=\dimen297
\calc@Bdimen=\dimen298
\calc@Askip=\skip63
\calc@Bskip=\skip64
LaTeX Info: Redefining \setlength on input line 80.
LaTeX Info: Redefining \addtolength on input line 81.
\calc@Ccount=\count322
\calc@Cskip=\skip65
)
(/usr/share/texmf-dist/tex/latex/enumitem/enumitem.sty
Package: enumitem 2019/06/20 v3.9 Customized lists
\labelindent=\skip66
\enit@outerparindent=\dimen299
\enit@toks=\toks48
\enit@inbox=\box84
\enit@count@id=\count323
\enitdp@description=\count324
)
(/usr/share/texmf-dist/tex/generic/ulem/ulem.sty
\UL@box=\box85
\UL@hyphenbox=\box86
\UL@skip=\skip67
\UL@hook=\toks49
\UL@height=\dimen300
\UL@pe=\count325
\UL@pixel=\dimen301
\ULC@box=\box87
Package: ulem 2019/11/18
\ULdepth=\dimen302
)
(/usr/share/texmf-dist/tex/latex/jknapltx/mathrsfs.sty
Package: mathrsfs 1996/01/01 Math RSFS package v1.0 (jk)
\symrsfs=\mathgroup6
)
\Wrappedcontinuationbox=\box88
\Wrappedvisiblespacebox=\box89
Package hyperref Info: Option `breaklinks' set `true' on input line 380.
Package hyperref Info: Option `colorlinks' set `true' on input line 380.

(/usr/share/texmf-dist/tex/latex/l3backend/l3backend-pdftex.def
File: l3backend-pdftex.def 2023-01-16 L3 backend support: PDF output (pdfTeX)
\l__color_backend_stack_int=\count326
\l__pdf_internal_box=\box90
)
(./relatorio_parcial.aux)
\openout1 = `relatorio_parcial.aux'.

LaTeX Font Info:    Checking defaults for OML/cmm/m/it on input line 387.
LaTeX Font Info:    ... okay on input line 387.
LaTeX Font Info:    Checking defaults for OMS/cmsy/m/n on input line 387.
LaTeX Font Info:    ... okay on input line 387.
LaTeX Font Info:    Checking defaults for OT1/cmr/m/n on input line 387.
LaTeX Font Info:    ... okay on input line 387.
LaTeX Font Info:    Checking defaults for T1/cmr/m/n on input line 387.
LaTeX Font Info:    ... okay on input line 387.
LaTeX Font Info:    Checking defaults for TS1/cmr/m/n on input line 387.
LaTeX Font Info:    ... okay on input line 387.
LaTeX Font Info:    Checking defaults for OMX/cmex/m/n on input line 387.
LaTeX Font Info:    ... okay on input line 387.
LaTeX Font Info:    Checking defaults for U/cmr/m/n on input line 387.
LaTeX Font Info:    ... okay on input line 387.
LaTeX Font Info:    Checking defaults for PD1/pdf/m/n on input line 387.
LaTeX Font Info:    ... okay on input line 387.
LaTeX Font Info:    Checking defaults for PU/pdf/m/n on input line 387.
LaTeX Font Info:    ... okay on input line 387.

(/usr/share/texmf-dist/tex/context/base/mkii/supp-pdf.mkii
[Loading MPS to PDF converter (version 2006.09.02).]
\scratchcounter=\count327
\scratchdimen=\dimen303
\scratchbox=\box91
\nofMPsegments=\count328
\nofMParguments=\count329
\everyMPshowfont=\toks50
\MPscratchCnt=\count330
\MPscratchDim=\dimen304
\MPnumerator=\count331
\makeMPintoPDFobject=\count332
\everyMPtoPDFconversion=\toks51
) (/usr/share/texmf-dist/tex/latex/epstopdf-pkg/epstopdf-base.sty
Package: epstopdf-base 2020-01-24 v2.11 Base part for package epstopdf
Package epstopdf-base Info: Redefining graphics rule for `.eps' on input line 4
85.

(/usr/share/texmf-dist/tex/latex/latexconfig/epstopdf-sys.cfg
File: epstopdf-sys.cfg 2010/07/13 v1.3 Configuration of (r)epstopdf for TeX Liv
e
))
Package caption Info: Begin \AtBeginDocument code.
Package caption Info: float package is loaded.
Package caption Info: hyperref package is loaded.
Package caption Info: longtable package is loaded.

(/usr/share/texmf-dist/tex/latex/caption/ltcaption.sty
Package: ltcaption 2021/01/08 v1.4c longtable captions (AR)
)
Package caption Info: End \AtBeginDocument code.

*geometry* driver: auto-detecting
*geometry* detected driver: pdftex
*geometry* verbose mode - [ preamble ] result:
* driver: pdftex
* paper: <default>
* layout: <same size as paper>
* layoutoffset:(h,v)=(0.0pt,0.0pt)
* modes: 
* h-part:(L,W,R)=(72.26999pt, 469.75502pt, 72.26999pt)
* v-part:(T,H,B)=(72.26999pt, 650.43001pt, 72.26999pt)
* \paperwidth=614.295pt
* \paperheight=794.96999pt
* \textwidth=469.75502pt
* \textheight=650.43001pt
* \oddsidemargin=0.0pt
* \evensidemargin=0.0pt
* \topmargin=-37.0pt
* \headheight=12.0pt
* \headsep=25.0pt
* \topskip=11.0pt
* \footskip=30.0pt
* \marginparwidth=59.0pt
* \marginparsep=10.0pt
* \columnsep=10.0pt
* \skip\footins=10.0pt plus 4.0pt minus 2.0pt
* \hoffset=0.0pt
* \voffset=0.0pt
* \mag=1000
* \@twocolumnfalse
* \@twosidefalse
* \@mparswitchfalse
* \@reversemarginfalse
* (1in=72.27pt=25.4mm, 1cm=28.453pt)

(/usr/share/texmf-dist/tex/latex/ucs/ucsencs.def
File: ucsencs.def 2011/01/21 Fixes to fontencodings LGR, T3
)
Package hyperref Info: Link coloring ON on input line 387.
 (./relatorio_parcial.out)
(./relatorio_parcial.out)
\@outlinefile=\write5
\openout5 = `relatorio_parcial.out'.

LaTeX Font Info:    Trying to load font information for U+msa on input line 389
.
 (/usr/share/texmf-dist/tex/latex/amsfonts/umsa.fd
File: umsa.fd 2013/01/14 v3.01 AMS symbols A
)
LaTeX Font Info:    Trying to load font information for U+msb on input line 389
.

(/usr/share/texmf-dist/tex/latex/amsfonts/umsb.fd
File: umsb.fd 2013/01/14 v3.01 AMS symbols B
)
LaTeX Font Info:    Trying to load font information for U+rsfs on input line 38
9.

(/usr/share/texmf-dist/tex/latex/jknapltx/ursfs.fd
File: ursfs.fd 1998/03/24 rsfs font definition file (jk)
)

LaTeX Warning: No \author given.

(/usr/share/texmf-dist/tex/latex/ucs/data/uni-0.def
File: uni-0.def 2022/08/07 UCS: Unicode data U+0000..U+00FF
)
LaTeX Font Info:    Trying to load font information for T1+cmtt on input line 4
00.

(/usr/share/texmf-dist/tex/latex/base/t1cmtt.fd
File: t1cmtt.fd 2022/07/10 v2.5l Standard LaTeX font definitions
)
Overfull \hbox (3921.14085pt too wide) in paragraph at lines 401--401
[]    \T1/cmtt/m/n/10.95 A grafita é um bem mineral de importância tecnológica 
emergente com as novas propriedades descobertas nas últimas décadas no ramo da 
engenharia de nanomateriais, como no emprego de fabricação de baterias elétrica
s, supercondutores e fibras leves de alta resistência, e com potencial para fab
ricação de materiais essenciais para a indústria. Estes novos usos têm aumentad
o a demanda pela commoditie, trazendo assim, a necessidade de descoberta de nov
os depósitos economicamente viáveis levando em conta sua localização, volume e 
grau de pureza. Recentemente, as técnicas de aprendizagem de máquina têm aument
ado a viabilidade dos projetos de prospecção mineral devido ao seu baixo custo 
de execução e sua alta capacidade de correlação de inúmeras variáveis simultane
amente. 
 []

(/usr/share/texmf-dist/tex/latex/ucs/data/uni-32.def
File: uni-32.def 2022/08/07 UCS: Unicode data U+2000..U+20FF
)
Overfull \hbox (2212.31282pt too wide) in paragraph at lines 402--402
[]    \T1/cmtt/m/n/10.95 Com isto, neste projeto, pretende-se utilizar algoritm
os de inteligência computacional e dados de sensores remotos para identificar p
adrões entre os atributos geofísicos e suas classes litológicas mineralizantes,
 bem como de suas ocorrências minerais. Assim, desenvolvendo novos mapas litoló
gicos para confrontar os existentes e mapas prospectivos de minério de grafita 
no sistema de nappes de Socorro^^UGuaxupé no nordeste do estado de São Paulo, d
ivisa com Minas Gerais.[] 
 []


Overfull \hbox (2274.5549pt too wide) in paragraph at lines 412--412
[]    \T1/cmtt/m/n/10.95 A grafita possui grande importância industrial e sua d
emanda tem aumentado devido aos novos usos com potencial de crescimento ainda m
aior com a ascensão dos motores elétricos em detrimento dos motores à combustão
 e a necessidade de baterias de alta capacidade para aqueles. Assim, este mater
ial tem se tornado estratégico com os preços da grafita de alto teor (grafita e
m flocos) ultrapassando a casa dos milhares de dólares por toneladas métricas d
ependendo do tamanho dos flocos. 
 []


Overfull \hbox (1505.01645pt too wide) in paragraph at lines 419--419
[]    \T1/cmtt/m/n/10.95 Esta pesquisa tem como objetivo a prospecção de áreas 
potenciais de mineralização de minério de grafita no sistema de nappes de Socor
ro^^UGuaxupé com o auxílio das técnicas de aprendizagem de máquina supervisiona
da e não-supervisionada com dados de sensores aeroportados e orbitais desenvolv
endo mapas preditivos litológicos e prospectivo mineral. 
 []


Overfull \hbox (814.69519pt too wide) in paragraph at lines 426--426
[]    \T1/cmtt/m/n/10.95 O área de estudo tem como foco os terrenos granulítico
s do nordeste de São Paulo, divisa com o estado de Minas Gerais, região em que 
as rochas sofreram um alto grau de metamorfismo possibilitando a mineralização 
de grafita. 
 []

LaTeX Font Info:    Font shape `T1/cmtt/bx/n' in size <10.95> not available
(Font)              Font shape `T1/cmtt/m/n' tried instead on input line 433.
LaTeX Font Info:    Trying to load font information for TS1+cmtt on input line 
460.
(/usr/share/texmf-dist/tex/latex/base/ts1cmtt.fd
File: ts1cmtt.fd 2022/07/10 v2.5l Standard LaTeX font definitions
)
(/usr/share/texmf-dist/tex/latex/ucs/data/uni-37.def
File: uni-37.def 2022/08/07 UCS: Unicode data U+2500..U+25FF
)
(/usr/share/texmf-dist/tex/latex/ucs/data/uninames.dat
File: uninames.dat 2022/08/07 UCS: Unicode character names, compressed
)
(/usr/share/texmf-dist/tex/latex/ucs/data/uni-37.def
File: uni-37.def 2022/08/07 UCS: Unicode data U+2500..U+25FF
)

! Package ucs Error: Unknown Unicode character 9608 = U+2588,
(ucs)                possibly declared in uni-37.def.
(ucs)                Type H to see if it is available with options.

See the ucs package documentation for explanation.
Type  H <return>  for immediate help.
 ...                                              
                                                  
l.465 ...ˆâ–ˆâ–ˆâ–ˆ| 1/1 [00:00<00:00, 385.65it/s]
                                                  
? 

Package ucs Warning: Unknown character 9608 = 0x2588 appeared again. on input l
ine 465.


Package ucs Warning: Unknown character 9608 = 0x2588 appeared again. on input l
ine 465.


Package ucs Warning: Unknown character 9608 = 0x2588 appeared again. on input l
ine 465.


Package ucs Warning: Unknown character 9608 = 0x2588 appeared again. on input l
ine 465.


Package ucs Warning: Unknown character 9608 = 0x2588 appeared again. on input l
ine 465.


Package ucs Warning: Unknown character 9608 = 0x2588 appeared again. on input l
ine 465.


Package ucs Warning: Unknown character 9608 = 0x2588 appeared again. on input l
ine 465.


Package ucs Warning: Unknown character 9608 = 0x2588 appeared again. on input l
ine 465.


Package ucs Warning: Unknown character 9608 = 0x2588 appeared again. on input l
ine 465.


Package ucs Warning: Unknown character 9608 = 0x2588 appeared again. on input l
ine 465.


Package ucs Warning: Unknown character 9608 = 0x2588 appeared again. on input l
ine 465.


Package ucs Warning: Unknown character 9608 = 0x2588 appeared again. on input l
ine 465.


Package ucs Warning: Unknown character 9608 = 0x2588 appeared again. on input l
ine 465.


Package ucs Warning: Unknown character 9608 = 0x2588 appeared again. on input l
ine 465.


Package ucs Warning: Unknown character 9608 = 0x2588 appeared again. on input l
ine 465.


Package ucs Warning: Unknown character 9608 = 0x2588 appeared again. on input l
ine 465.


Package ucs Warning: Unknown character 9608 = 0x2588 appeared again. on input l
ine 465.


Package ucs Warning: Unknown character 9608 = 0x2588 appeared again. on input l
ine 465.


Package ucs Warning: Unknown character 9608 = 0x2588 appeared again. on input l
ine 465.


Package ucs Warning: Unknown character 9608 = 0x2588 appeared again. on input l
ine 465.


Package ucs Warning: Unknown character 9608 = 0x2588 appeared again. on input l
ine 465.


Package ucs Warning: Unknown character 9608 = 0x2588 appeared again. on input l
ine 465.


Package ucs Warning: Unknown character 9608 = 0x2588 appeared again. on input l
ine 465.


Package ucs Warning: Unknown character 9608 = 0x2588 appeared again. on input l
ine 465.


Overfull \hbox (719.59113pt too wide) in paragraph at lines 465--465
[]|\T1/cmtt/m/n/10.95 100%|\OT1/cmtt/m/n/10.95 [U+2588][U+2588][U+2588][U+2588]
[U+2588][U+2588][U+2588][U+2588][U+2588][U+2588][U+2588][U+2588][U+2588][U+2588
][U+2588][U+2588][U+2588][U+2588][U+2588][U+2588][U+2588][U+2588][U+2588][U+258
8][U+2588]\T1/cmtt/m/n/10.95 | [] 
 []


Package ucs Warning: Unknown character 9608 = 0x2588 appeared again. on input l
ine 477.


Package ucs Warning: Unknown character 9608 = 0x2588 appeared again. on input l
ine 477.


Package ucs Warning: Unknown character 9608 = 0x2588 appeared again. on input l
ine 477.


Package ucs Warning: Unknown character 9608 = 0x2588 appeared again. on input l
ine 477.


Package ucs Warning: Unknown character 9608 = 0x2588 appeared again. on input l
ine 477.


Package ucs Warning: Unknown character 9608 = 0x2588 appeared again. on input l
ine 477.


Package ucs Warning: Unknown character 9608 = 0x2588 appeared again. on input l
ine 477.


Package ucs Warning: Unknown character 9608 = 0x2588 appeared again. on input l
ine 477.


Package ucs Warning: Unknown character 9608 = 0x2588 appeared again. on input l
ine 477.


Package ucs Warning: Unknown character 9608 = 0x2588 appeared again. on input l
ine 477.


Package ucs Warning: Unknown character 9608 = 0x2588 appeared again. on input l
ine 477.


Package ucs Warning: Unknown character 9608 = 0x2588 appeared again. on input l
ine 477.


Package ucs Warning: Unknown character 9608 = 0x2588 appeared again. on input l
ine 477.


Package ucs Warning: Unknown character 9608 = 0x2588 appeared again. on input l
ine 477.


Package ucs Warning: Unknown character 9608 = 0x2588 appeared again. on input l
ine 477.


Package ucs Warning: Unknown character 9608 = 0x2588 appeared again. on input l
ine 477.


Package ucs Warning: Unknown character 9608 = 0x2588 appeared again. on input l
ine 477.


Package ucs Warning: Unknown character 9608 = 0x2588 appeared again. on input l
ine 477.


Package ucs Warning: Unknown character 9608 = 0x2588 appeared again. on input l
ine 477.


Package ucs Warning: Unknown character 9608 = 0x2588 appeared again. on input l
ine 477.


Package ucs Warning: Unknown character 9608 = 0x2588 appeared again. on input l
ine 477.


Package ucs Warning: Unknown character 9608 = 0x2588 appeared again. on input l
ine 477.


Package ucs Warning: Unknown character 9608 = 0x2588 appeared again. on input l
ine 477.


Overfull \hbox (627.61212pt too wide) in paragraph at lines 477--477
[]|\T1/cmtt/m/n/10.95 100%|\OT1/cmtt/m/n/10.95 [U+2588][U+2588][U+2588][U+2588]
[U+2588][U+2588][U+2588][U+2588][U+2588][U+2588][U+2588][U+2588][U+2588][U+2588
][U+2588][U+2588][U+2588][U+2588][U+2588][U+2588][U+2588][U+2588][U+2588]\T1/cm
tt/m/n/10.95 | [] 
 []

[1

{/var/lib/texmf/fonts/map/pdftex/updmap/pdftex.map}{/usr/share/texmf-dist/fonts
/enc/dvips/cm-super/cm-super-t1.enc}{/usr/share/texmf-dist/fonts/enc/dvips/cm-s
uper/cm-super-ts1.enc}]

Package ucs Warning: Unknown character 9608 = 0x2588 appeared again. on input l
ine 511.


Package ucs Warning: Unknown character 9608 = 0x2588 appeared again. on input l
ine 511.


Package ucs Warning: Unknown character 9608 = 0x2588 appeared again. on input l
ine 511.


Package ucs Warning: Unknown character 9608 = 0x2588 appeared again. on input l
ine 511.


Package ucs Warning: Unknown character 9608 = 0x2588 appeared again. on input l
ine 511.


Package ucs Warning: Unknown character 9608 = 0x2588 appeared again. on input l
ine 511.


Package ucs Warning: Unknown character 9608 = 0x2588 appeared again. on input l
ine 511.


Package ucs Warning: Unknown character 9608 = 0x2588 appeared again. on input l
ine 511.


Package ucs Warning: Unknown character 9608 = 0x2588 appeared again. on input l
ine 511.


Package ucs Warning: Unknown character 9608 = 0x2588 appeared again. on input l
ine 511.


Package ucs Warning: Unknown character 9608 = 0x2588 appeared again. on input l
ine 511.


Package ucs Warning: Unknown character 9608 = 0x2588 appeared again. on input l
ine 511.


Package ucs Warning: Unknown character 9608 = 0x2588 appeared again. on input l
ine 511.


Package ucs Warning: Unknown character 9608 = 0x2588 appeared again. on input l
ine 511.


Package ucs Warning: Unknown character 9608 = 0x2588 appeared again. on input l
ine 511.


Package ucs Warning: Unknown character 9608 = 0x2588 appeared again. on input l
ine 511.


Package ucs Warning: Unknown character 9608 = 0x2588 appeared again. on input l
ine 511.


Package ucs Warning: Unknown character 9608 = 0x2588 appeared again. on input l
ine 511.


Package ucs Warning: Unknown character 9608 = 0x2588 appeared again. on input l
ine 511.


Package ucs Warning: Unknown character 9608 = 0x2588 appeared again. on input l
ine 511.


Package ucs Warning: Unknown character 9608 = 0x2588 appeared again. on input l
ine 511.


Package ucs Warning: Unknown character 9608 = 0x2588 appeared again. on input l
ine 511.


Package ucs Warning: Unknown character 9608 = 0x2588 appeared again. on input l
ine 511.


Overfull \hbox (627.61212pt too wide) in paragraph at lines 511--511
[]|\T1/cmtt/m/n/10.95 100%|\OT1/cmtt/m/n/10.95 [U+2588][U+2588][U+2588][U+2588]
[U+2588][U+2588][U+2588][U+2588][U+2588][U+2588][U+2588][U+2588][U+2588][U+2588
][U+2588][U+2588][U+2588][U+2588][U+2588][U+2588][U+2588][U+2588][U+2588]\T1/cm
tt/m/n/10.95 | [] 
 []


Package ucs Warning: Unknown character 9608 = 0x2588 appeared again. on input l
ine 540.


Package ucs Warning: Unknown character 9608 = 0x2588 appeared again. on input l
ine 540.


Package ucs Warning: Unknown character 9608 = 0x2588 appeared again. on input l
ine 540.


Package ucs Warning: Unknown character 9608 = 0x2588 appeared again. on input l
ine 540.


Package ucs Warning: Unknown character 9608 = 0x2588 appeared again. on input l
ine 540.


Package ucs Warning: Unknown character 9608 = 0x2588 appeared again. on input l
ine 540.


Package ucs Warning: Unknown character 9608 = 0x2588 appeared again. on input l
ine 540.


Package ucs Warning: Unknown character 9608 = 0x2588 appeared again. on input l
ine 540.


Package ucs Warning: Unknown character 9608 = 0x2588 appeared again. on input l
ine 540.


Package ucs Warning: Unknown character 9608 = 0x2588 appeared again. on input l
ine 540.


Package ucs Warning: Unknown character 9608 = 0x2588 appeared again. on input l
ine 540.


Package ucs Warning: Unknown character 9608 = 0x2588 appeared again. on input l
ine 540.


Package ucs Warning: Unknown character 9608 = 0x2588 appeared again. on input l
ine 540.


Package ucs Warning: Unknown character 9608 = 0x2588 appeared again. on input l
ine 540.


Package ucs Warning: Unknown character 9608 = 0x2588 appeared again. on input l
ine 540.


Package ucs Warning: Unknown character 9608 = 0x2588 appeared again. on input l
ine 540.


Package ucs Warning: Unknown character 9608 = 0x2588 appeared again. on input l
ine 540.


Package ucs Warning: Unknown character 9608 = 0x2588 appeared again. on input l
ine 540.


Package ucs Warning: Unknown character 9608 = 0x2588 appeared again. on input l
ine 540.


Package ucs Warning: Unknown character 9608 = 0x2588 appeared again. on input l
ine 540.


Package ucs Warning: Unknown character 9608 = 0x2588 appeared again. on input l
ine 540.


Package ucs Warning: Unknown character 9608 = 0x2588 appeared again. on input l
ine 540.


Package ucs Warning: Unknown character 9608 = 0x2588 appeared again. on input l
ine 540.


Overfull \hbox (627.61212pt too wide) in paragraph at lines 540--540
[]|\T1/cmtt/m/n/10.95 100%|\OT1/cmtt/m/n/10.95 [U+2588][U+2588][U+2588][U+2588]
[U+2588][U+2588][U+2588][U+2588][U+2588][U+2588][U+2588][U+2588][U+2588][U+2588
][U+2588][U+2588][U+2588][U+2588][U+2588][U+2588][U+2588][U+2588][U+2588]\T1/cm
tt/m/n/10.95 | [] 
 []

[2] [3] [4] [5] (./relatorio_parcial.aux)
Package rerunfilecheck Info: File `relatorio_parcial.out' has not changed.
(rerunfilecheck)             Checksum: 9D1CA0859629D8F4192600722AA15DD1;1307.
 ) 
Here is how much of TeX's memory you used:
 26114 strings out of 477985
 476372 string characters out of 5840058
 1903388 words of memory out of 5000000
 45814 multiletter control sequences out of 15000+600000
 525906 words of font info for 71 fonts, out of 8000000 for 9000
 14 hyphenation exceptions out of 8191
 101i,7n,104p,851b,778s stack positions out of 10000i,1000n,20000p,200000b,200000s
</usr/share/texmf-dist/fonts/type1/public/amsfonts/cm/cmmi6.pfb></usr/share/t
exmf-dist/fonts/type1/public/amsfonts/cm/cmsy6.pfb></usr/share/texmf-dist/fonts
/type1/public/amsfonts/cm/cmtt10.pfb></usr/share/texmf-dist/fonts/type1/public/
cm-super/sfbx1095.pfb></usr/share/texmf-dist/fonts/type1/public/cm-super/sfbx12
00.pfb></usr/share/texmf-dist/fonts/type1/public/cm-super/sfbx1440.pfb></usr/sh
are/texmf-dist/fonts/type1/public/cm-super/sfit1095.pfb></usr/share/texmf-dist/
fonts/type1/public/cm-super/sfrm1095.pfb></usr/share/texmf-dist/fonts/type1/pub
lic/cm-super/sfrm1200.pfb></usr/share/texmf-dist/fonts/type1/public/cm-super/sf
rm1728.pfb></usr/share/texmf-dist/fonts/type1/public/cm-super/sftt1095.pfb>
Output written on relatorio_parcial.pdf (5 pages, 196195 bytes).
PDF statistics:
 149 PDF objects out of 1000 (max. 8388607)
 117 compressed objects within 2 object streams
 29 named destinations out of 1000 (max. 500000)
 85 words of extra memory for PDF output out of 10000 (max. 10000000)

